10 0.00000004879060944
20 0.00000018408607239
30 0.00000026171163307
40 0.00000030052441330
50 0.00000032381208153
60 0.00000033933719368
70 0.00000035042655950
80 0.00000030052441330
90 0.00000031346200579
100 0.00000032381207979
110 0.00000033228032215
120 0.00000033933719078
130 0.00000034530838732
140 0.00000035042655578
150 0.00000035486230178
160 0.00000018408606827
170 0.00000035016043735
180 0.00000082504622013
190 0.00000124994402577
200 0.00000163235205084
210 0.00000197834026401
220 0.00000229287500325
230 0.00000258005889560
240 0.00000284331079692
250 0.00000308550254613
260 0.00000330906416079
270 0.00000351606565585
280 0.00000370828132983
290 0.00000388724075043
300 0.00000405426954299
