10 0.00000004484019343
20 0.00000005995888597
30 0.00000033942309729
40 0.00000026955704417
50 0.00000002388037825
60 0.00000021950532653
70 0.00000035923743244
80 0.00000046403651100
90 0.00000054554690534
100 0.00000061075522082
110 0.00000066410747894
120 0.00000070856769404
130 0.00000074618787604
140 0.00000077843374633
150 0.00000075048732595
160 0.00000077843374781
170 0.00000080309235533
180 0.00000082501111758
190 0.00000084462264169
200 0.00000086227301339
210 0.00000087824239731
220 0.00000089276001906
230 0.00000090601523892
240 0.00000091816585712
250 0.00000092934442586
260 0.00000093966310470
270 0.00000094921743696
280 0.00000095808931692
290 0.00000096634934211
300 0.00000097405869886
