10 0.00000001374071188
20 0.00000001374071229
30 0.00000005028641734
40 0.00000001374071209
50 0.00000003566813434
60 0.00000005028641584
70 0.00000006072804548
80 0.00000031517063371
90 0.00000075371909280
100 0.00000110455786007
110 0.00000139160776057
120 0.00000163081601098
130 0.00000183322299210
140 0.00000200671469021
150 0.00000215707416157
160 0.00000228863869829
170 0.00000240472505423
180 0.00000250791292617
190 0.00000260023891686
200 0.00000268333230848
210 0.00000275851204375
220 0.00000282685725763
230 0.00000288925940944
240 0.00000294646138193
250 0.00000299908719662
260 0.00000304766487172
270 0.00000309264420051
280 0.00000313441072011
290 0.00000317329679008
300 0.00000320959045549
