10 0.00000003152642342
20 0.00000012610569514
30 0.00000033628185313
40 0.00000044136993212
50 0.00000050442277951
60 0.00000054645801042
70 0.00000057648317511
80 0.00000059900204862
90 0.00000061651672802
100 0.00000063052847154
110 0.00000041270954443
120 0.00000008407046441
130 0.00000050442277958
140 0.00000086472476401
150 0.00000117698648385
160 0.00000145021548871
170 0.00000169129990476
180 0.00000190559716347
190 0.00000209733681601
200 0.00000226990250329
210 0.00000242603336321
220 0.00000210940434678
230 0.00000171065116266
240 0.00000134512741055
250 0.00000100884555860
260 0.00000069843154142
270 0.00000041101115515
280 0.00000014412079646
290 0.00000010436333059
300 0.00000033628184917
