10 0.00000004449821731
20 0.00000010926075768
30 0.00000006905333305
40 0.00000006266298653
50 0.00000011964768451
60 0.00000018120649393
70 0.00000015430876359
80 0.00000013424381625
90 0.00000016010929661
100 0.00000017907480028
110 0.00000029533372048
120 0.00000031753849785
130 0.00000023880851241
140 0.00000012070117996
150 0.00000008791377333
160 0.00000019056903779
170 0.00000023558084478
180 0.00000018887347497
190 0.00000021648009859
200 0.00000020424059270
210 0.00000021378107476
220 0.00000018835056326
230 0.00000034133489913
240 0.00000026029946960
250 0.00000008766880468
260 0.00000015261587112
270 0.00000021384033467
280 0.00000010880631723
290 0.00000023236317977
300 0.00000019879854359
