

*******************************************************************************
Wed Jan 10 07:48:08 2024


FIT:    data read from "results_iteratif/errSR_x_3_995stat.dat" using 0:1
        format = x:z
        #datapoints = 100
        residuals are weighted equally (unit weight)

function used for fitting: f(x)
	f(x) = a*x + b
fitted parameters initialized with current variable values

iter      chisq       delta/lim  lambda   a             b            
   0 3.4854999935e+05   0.00e+00  4.11e+01    1.000000e+00   1.000000e+00
   6 6.4864370945e-14  -6.17e-07  4.11e-05    6.869032e-11   5.843891e-08

After 6 iterations the fit converged.
final sum of squares of residuals : 6.48644e-14
rel. change during last iteration : -6.17192e-12

degrees of freedom    (FIT_NDF)                        : 98
rms of residuals      (FIT_STDFIT) = sqrt(WSSR/ndf)    : 2.57271e-08
variance of residuals (reduced chisquare) = WSSR/ndf   : 6.61881e-16

Final set of parameters            Asymptotic Standard Error
=======================            ==========================
a               = 6.86903e-11      +/- 8.913e-11    (129.7%)
b               = 5.84389e-08      +/- 5.184e-09    (8.871%)

correlation matrix of the fit parameters:
                a      b      
a               1.000 
b              -0.868  1.000 


*******************************************************************************
Wed Jan 10 07:48:26 2024


FIT:    data read from "results_recursif/errSR_x_3_995stat.dat" using 0:1
        format = x:z
        #datapoints = 100
        residuals are weighted equally (unit weight)

function used for fitting: f(x)
	f(x) = a*x + b
fitted parameters initialized with current variable values

iter      chisq       delta/lim  lambda   a             b            
   0 3.4854999950e+05   0.00e+00  4.11e+01    1.000000e+00   1.000000e+00
   6 5.7672212306e-14  -6.94e-07  4.11e-05    1.057470e-10   4.124368e-08

After 6 iterations the fit converged.
final sum of squares of residuals : 5.76722e-14
rel. change during last iteration : -6.94138e-12

degrees of freedom    (FIT_NDF)                        : 98
rms of residuals      (FIT_STDFIT) = sqrt(WSSR/ndf)    : 2.42589e-08
variance of residuals (reduced chisquare) = WSSR/ndf   : 5.88492e-16

Final set of parameters            Asymptotic Standard Error
=======================            ==========================
a               = 1.05747e-10      +/- 8.404e-11    (79.47%)
b               = 4.12437e-08      +/- 4.888e-09    (11.85%)

correlation matrix of the fit parameters:
                a      b      
a               1.000 
b              -0.868  1.000 


*******************************************************************************
Wed Jan 10 07:49:34 2024


FIT:    data read from "results_iteratif/errSR_x_randstat.dat" using 0:1
        format = x:z
        #datapoints = 100
        residuals are weighted equally (unit weight)

function used for fitting: f(x)
	f(x) = a*x + b
fitted parameters initialized with current variable values

iter      chisq       delta/lim  lambda   a             b            
   0 3.4854999968e+05   0.00e+00  4.11e+01    1.000000e+00   1.000000e+00
   6 3.5970194279e-14  -1.11e-06  4.11e-05    1.776925e-10   1.929203e-08

After 6 iterations the fit converged.
final sum of squares of residuals : 3.59702e-14
rel. change during last iteration : -1.11297e-11

degrees of freedom    (FIT_NDF)                        : 98
rms of residuals      (FIT_STDFIT) = sqrt(WSSR/ndf)    : 1.91584e-08
variance of residuals (reduced chisquare) = WSSR/ndf   : 3.67043e-16

Final set of parameters            Asymptotic Standard Error
=======================            ==========================
a               = 1.77692e-10      +/- 6.637e-11    (37.35%)
b               = 1.9292e-08       +/- 3.861e-09    (20.01%)

correlation matrix of the fit parameters:
                a      b      
a               1.000 
b              -0.868  1.000 
