

*******************************************************************************
Fri Feb  9 23:11:50 2024


FIT:    data read from "../results/naif_iter/SR_stat.dat" using 0:1
        format = x:z
        #datapoints = 101
        residuals are weighted equally (unit weight)

function used for fitting: f(x)
	f(x) = a*x + b
fitted parameters initialized with current variable values

iter      chisq       delta/lim  lambda   a             b            
   0 3.4855099357e+05   0.00e+00  4.09e+01    1.000000e+00   1.000000e+00
   6 2.1190404592e-12  -1.37e-08  4.09e-05    8.676482e-09   4.613628e-08

After 6 iterations the fit converged.
final sum of squares of residuals : 2.11904e-12
rel. change during last iteration : -1.37425e-13

degrees of freedom    (FIT_NDF)                        : 99
rms of residuals      (FIT_STDFIT) = sqrt(WSSR/ndf)    : 1.46303e-07
variance of residuals (reduced chisquare) = WSSR/ndf   : 2.14044e-14

Final set of parameters            Asymptotic Standard Error
=======================            ==========================
a               = 8.67648e-09      +/- 4.993e-10    (5.755%)
b               = 4.61363e-08      +/- 2.89e-08     (62.64%)

correlation matrix of the fit parameters:
                a      b      
a               1.000 
b              -0.864  1.000 


*******************************************************************************
Fri Feb  9 23:12:55 2024


FIT:    data read from "../results/naif_iter/SR_stat.dat" using 0:1
        format = x:z
        #datapoints = 101
        residuals are weighted equally (unit weight)

function used for fitting: f(x)
	f(x) = a*x + b
fitted parameters initialized with current variable values

iter      chisq       delta/lim  lambda   a             b            
   0 3.4855099357e+05   0.00e+00  4.09e+01    1.000000e+00   1.000000e+00
   6 2.1190404592e-12  -1.37e-08  4.09e-05    8.676482e-09   4.613628e-08

After 6 iterations the fit converged.
final sum of squares of residuals : 2.11904e-12
rel. change during last iteration : -1.37425e-13

degrees of freedom    (FIT_NDF)                        : 99
rms of residuals      (FIT_STDFIT) = sqrt(WSSR/ndf)    : 1.46303e-07
variance of residuals (reduced chisquare) = WSSR/ndf   : 2.14044e-14

Final set of parameters            Asymptotic Standard Error
=======================            ==========================
a               = 8.67648e-09      +/- 4.993e-10    (5.755%)
b               = 4.61363e-08      +/- 2.89e-08     (62.64%)

correlation matrix of the fit parameters:
                a      b      
a               1.000 
b              -0.864  1.000 
