

*******************************************************************************
Thu Mar  7 09:45:38 2024


FIT:    data read from SR_ni using 0:1
        format = x:z
        #datapoints = 360
        residuals are weighted equally (unit weight)

function used for fitting: f(x)
	f(x) = a*x**2 + b*x + c
fitted parameters initialized with current variable values

iter      chisq       delta/lim  lambda   a             b             c            
   0 1.2288352925e+12   0.00e+00  3.37e+04    1.000000e+00   1.000000e+00   1.000000e+00
   7 9.2503539408e+05  -1.42e-03  3.37e-03   -3.162690e-03   1.750474e+00  -2.870055e+01

After 7 iterations the fit converged.
final sum of squares of residuals : 925035
rel. change during last iteration : -1.42389e-08

degrees of freedom    (FIT_NDF)                        : 357
rms of residuals      (FIT_STDFIT) = sqrt(WSSR/ndf)    : 50.9032
variance of residuals (reduced chisquare) = WSSR/ndf   : 2591.14

Final set of parameters            Asymptotic Standard Error
=======================            ==========================
a               = -0.00316269      +/- 0.0002758    (8.721%)
b               = 1.75047          +/- 0.1031       (5.888%)
c               = -28.7006         +/- 8.08         (28.15%)

correlation matrix of the fit parameters:
                a      b      c      
a               1.000 
b              -0.968  1.000 
c               0.747 -0.867  1.000 


*******************************************************************************
Thu Mar  7 09:45:38 2024


FIT:    data read from SR_ri using 0:1
        format = x:z
        #datapoints = 360
        residuals are weighted equally (unit weight)

function used for fitting: fbis(x)
	fbis(x) = a*x**2 + b*x + c
fitted parameters initialized with current variable values

iter      chisq       delta/lim  lambda   a             b             c            
   0 9.2503539408e+05   0.00e+00  2.37e+02   -3.162690e-03   1.750474e+00  -2.870055e+01
   1 9.2503539408e+05  -1.26e-11  2.37e+01   -3.162690e-03   1.750474e+00  -2.870055e+01

After 1 iterations the fit converged.
final sum of squares of residuals : 925035
rel. change during last iteration : -1.2585e-16

degrees of freedom    (FIT_NDF)                        : 357
rms of residuals      (FIT_STDFIT) = sqrt(WSSR/ndf)    : 50.9032
variance of residuals (reduced chisquare) = WSSR/ndf   : 2591.14

Final set of parameters            Asymptotic Standard Error
=======================            ==========================
a               = -0.00316269      +/- 0.0002758    (8.721%)
b               = 1.75047          +/- 0.1031       (5.888%)
c               = -28.7006         +/- 8.08         (28.15%)

correlation matrix of the fit parameters:
                a      b      c      
a               1.000 
b              -0.968  1.000 
c               0.747 -0.867  1.000 


*******************************************************************************
Thu Mar  7 09:45:38 2024


FIT:    data read from SR_nr using 0:1
        format = x:z
        #datapoints = 360
        residuals are weighted equally (unit weight)

function used for fitting: f(x)
	f(x) = a*x**2 + b*x + c
fitted parameters initialized with current variable values

iter      chisq       delta/lim  lambda   a             b             c            
   0 9.2503539408e+05   0.00e+00  2.37e+02   -3.162690e-03   1.750474e+00  -2.870055e+01
   1 9.2503539408e+05  -1.26e-11  2.37e+01   -3.162690e-03   1.750474e+00  -2.870055e+01

After 1 iterations the fit converged.
final sum of squares of residuals : 925035
rel. change during last iteration : -1.2585e-16

degrees of freedom    (FIT_NDF)                        : 357
rms of residuals      (FIT_STDFIT) = sqrt(WSSR/ndf)    : 50.9032
variance of residuals (reduced chisquare) = WSSR/ndf   : 2591.14

Final set of parameters            Asymptotic Standard Error
=======================            ==========================
a               = -0.00316269      +/- 0.0002758    (8.721%)
b               = 1.75047          +/- 0.1031       (5.888%)
c               = -28.7006         +/- 8.08         (28.15%)

correlation matrix of the fit parameters:
                a      b      c      
a               1.000 
b              -0.968  1.000 
c               0.747 -0.867  1.000 


*******************************************************************************
Thu Mar  7 09:45:38 2024


FIT:    data read from SR_rr using 0:1
        format = x:z
        #datapoints = 360
        residuals are weighted equally (unit weight)

function used for fitting: fbis(x)
	fbis(x) = a*x**2 + b*x + c
fitted parameters initialized with current variable values

iter      chisq       delta/lim  lambda   a             b             c            
   0 9.2503539408e+05   0.00e+00  2.37e+02   -3.162690e-03   1.750474e+00  -2.870055e+01
   1 9.2503539408e+05   0.00e+00  2.37e+05   -3.162690e-03   1.750474e+00  -2.870055e+01

After 1 iterations the fit converged.
final sum of squares of residuals : 925035
rel. change during last iteration : 0

degrees of freedom    (FIT_NDF)                        : 357
rms of residuals      (FIT_STDFIT) = sqrt(WSSR/ndf)    : 50.9032
variance of residuals (reduced chisquare) = WSSR/ndf   : 2591.14

Final set of parameters            Asymptotic Standard Error
=======================            ==========================
a               = -0.00316269      +/- 0.0002758    (8.721%)
b               = 1.75047          +/- 0.1031       (5.888%)
c               = -28.7006         +/- 8.08         (28.15%)

correlation matrix of the fit parameters:
                a      b      c      
a               1.000 
b              -0.968  1.000 
c               0.747 -0.867  1.000 
