

*******************************************************************************
Tue Apr  9 21:56:25 2024


FIT:    data read from UR using 1:2
        format = x:z
        #datapoints = 4
        residuals are weighted equally (unit weight)

function used for fitting: f(x)
	f(x) = a * x ** 0.5
fitted parameters initialized with current variable values

iter      chisq       delta/lim  lambda   a            
   0 1.1109999973e+06   0.00e+00  5.27e+02    1.000000e+00
   5 1.7867749587e-12  -6.04e-07  5.27e-03    1.214182e-09

After 5 iterations the fit converged.
final sum of squares of residuals : 1.78677e-12
rel. change during last iteration : -6.04192e-12

degrees of freedom    (FIT_NDF)                        : 3
rms of residuals      (FIT_STDFIT) = sqrt(WSSR/ndf)    : 7.71746e-07
variance of residuals (reduced chisquare) = WSSR/ndf   : 5.95592e-13

Final set of parameters            Asymptotic Standard Error
=======================            ==========================
a               = 1.21418e-09      +/- 7.322e-10    (60.3%)


*******************************************************************************
Tue Apr  9 21:56:25 2024


FIT:    data read from UR using 1:2
        format = x:z
        #datapoints = 4
        residuals are weighted equally (unit weight)

function used for fitting: f(x)
	f(x) = a * x ** 0.5
fitted parameters initialized with current variable values

iter      chisq       delta/lim  lambda   a            
   0 9.2231817231e-12   0.00e+00  6.40e-07    1.214182e-09
   3 7.3463754828e-12  -6.36e-03  6.40e-10    2.513911e-09

After 3 iterations the fit converged.
final sum of squares of residuals : 7.34638e-12
rel. change during last iteration : -6.35503e-08

degrees of freedom    (FIT_NDF)                        : 3
rms of residuals      (FIT_STDFIT) = sqrt(WSSR/ndf)    : 1.56486e-06
variance of residuals (reduced chisquare) = WSSR/ndf   : 2.44879e-12

Final set of parameters            Asymptotic Standard Error
=======================            ==========================
a               = 2.51391e-09      +/- 1.485e-09    (59.06%)


*******************************************************************************
Tue Apr  9 21:56:25 2024


FIT:    data read from UR using 1:2
        format = x:z
        #datapoints = 4
        residuals are weighted equally (unit weight)

function used for fitting: f(x)
	f(x) = a * x ** 0.5
fitted parameters initialized with current variable values

iter      chisq       delta/lim  lambda   a            
   0 1.1713086148e-06   0.00e+00  1.32e-06    2.513911e-09
   3 5.0002421100e-08  -5.58e-01  1.32e-09    1.007141e-06

After 3 iterations the fit converged.
final sum of squares of residuals : 5.00024e-08
rel. change during last iteration : -5.57833e-06

degrees of freedom    (FIT_NDF)                        : 3
rms of residuals      (FIT_STDFIT) = sqrt(WSSR/ndf)    : 0.000129103
variance of residuals (reduced chisquare) = WSSR/ndf   : 1.66675e-08

Final set of parameters            Asymptotic Standard Error
=======================            ==========================
a               = 1.00714e-06      +/- 1.225e-07    (12.16%)


*******************************************************************************
Tue Apr  9 21:56:25 2024


FIT:    data read from UR using 1:2
        format = x:z
        #datapoints = 4
        residuals are weighted equally (unit weight)

function used for fitting: f(x)
	f(x) = a * x ** 0.5
fitted parameters initialized with current variable values

iter      chisq       delta/lim  lambda   a            
   0 3.2520185949e-05   0.00e+00  5.31e-04    1.007141e-06
   3 3.6669484636e-06  -1.96e-01  5.31e-07    6.103268e-06

After 3 iterations the fit converged.
final sum of squares of residuals : 3.66695e-06
rel. change during last iteration : -1.95732e-06

degrees of freedom    (FIT_NDF)                        : 3
rms of residuals      (FIT_STDFIT) = sqrt(WSSR/ndf)    : 0.00110558
variance of residuals (reduced chisquare) = WSSR/ndf   : 1.22232e-06

Final set of parameters            Asymptotic Standard Error
=======================            ==========================
a               = 6.10327e-06      +/- 1.049e-06    (17.19%)


*******************************************************************************
Tue Apr  9 21:56:25 2024


FIT:    data read from UR using 1:2
        format = x:z
        #datapoints = 4
        residuals are weighted equally (unit weight)

function used for fitting: f(x)
	f(x) = a * x ** 0.5
fitted parameters initialized with current variable values

iter      chisq       delta/lim  lambda   a            
   0 5.4600017727e-05   0.00e+00  3.22e-03    6.103268e-06
   3 1.0811294824e-05  -1.01e-01  3.22e-06    1.238131e-05

After 3 iterations the fit converged.
final sum of squares of residuals : 1.08113e-05
rel. change during last iteration : -1.00752e-06

degrees of freedom    (FIT_NDF)                        : 3
rms of residuals      (FIT_STDFIT) = sqrt(WSSR/ndf)    : 0.00189836
variance of residuals (reduced chisquare) = WSSR/ndf   : 3.60376e-06

Final set of parameters            Asymptotic Standard Error
=======================            ==========================
a               = 1.23813e-05      +/- 1.801e-06    (14.55%)


*******************************************************************************
Tue Apr  9 21:56:25 2024


FIT:    data read from UR using 1:2
        format = x:z
        #datapoints = 4
        residuals are weighted equally (unit weight)

function used for fitting: f(x)
	f(x) = a * x ** 0.5
fitted parameters initialized with current variable values

iter      chisq       delta/lim  lambda   a            
   0 4.4924985158e-04   0.00e+00  6.53e-03    1.238131e-05
   3 4.4544220950e-04  -2.13e-04  6.53e-06    1.423258e-05

After 3 iterations the fit converged.
final sum of squares of residuals : 0.000445442
rel. change during last iteration : -2.12636e-09

degrees of freedom    (FIT_NDF)                        : 3
rms of residuals      (FIT_STDFIT) = sqrt(WSSR/ndf)    : 0.0121853
variance of residuals (reduced chisquare) = WSSR/ndf   : 0.000148481

Final set of parameters            Asymptotic Standard Error
=======================            ==========================
a               = 1.42326e-05      +/- 1.156e-05    (81.23%)


*******************************************************************************
Tue Apr  9 21:59:04 2024


FIT:    data read from UR using 1:2
        format = x:z
        #datapoints = 4
        residuals are weighted equally (unit weight)

function used for fitting: f(x)
	f(x) = a * x ** 0.5
fitted parameters initialized with current variable values

iter      chisq       delta/lim  lambda   a            
   0 1.1109999973e+06   0.00e+00  5.27e+02    1.000000e+00
   5 1.7867749587e-12  -6.04e-07  5.27e-03    1.214182e-09

After 5 iterations the fit converged.
final sum of squares of residuals : 1.78677e-12
rel. change during last iteration : -6.04192e-12

degrees of freedom    (FIT_NDF)                        : 3
rms of residuals      (FIT_STDFIT) = sqrt(WSSR/ndf)    : 7.71746e-07
variance of residuals (reduced chisquare) = WSSR/ndf   : 5.95592e-13

Final set of parameters            Asymptotic Standard Error
=======================            ==========================
a               = 1.21418e-09      +/- 7.322e-10    (60.3%)


*******************************************************************************
Tue Apr  9 21:59:04 2024


FIT:    data read from UR using 1:2
        format = x:z
        #datapoints = 4
        residuals are weighted equally (unit weight)

function used for fitting: f(x)
	f(x) = a * x ** 0.5
fitted parameters initialized with current variable values

iter      chisq       delta/lim  lambda   a            
   0 9.2231817231e-12   0.00e+00  6.40e-07    1.214182e-09
   3 7.3463754828e-12  -6.36e-03  6.40e-10    2.513911e-09

After 3 iterations the fit converged.
final sum of squares of residuals : 7.34638e-12
rel. change during last iteration : -6.35503e-08

degrees of freedom    (FIT_NDF)                        : 3
rms of residuals      (FIT_STDFIT) = sqrt(WSSR/ndf)    : 1.56486e-06
variance of residuals (reduced chisquare) = WSSR/ndf   : 2.44879e-12

Final set of parameters            Asymptotic Standard Error
=======================            ==========================
a               = 2.51391e-09      +/- 1.485e-09    (59.06%)


*******************************************************************************
Tue Apr  9 21:59:04 2024


FIT:    data read from UR using 1:2
        format = x:z
        #datapoints = 4
        residuals are weighted equally (unit weight)

function used for fitting: f(x)
	f(x) = a * x ** 0.5
fitted parameters initialized with current variable values

iter      chisq       delta/lim  lambda   a            
   0 1.1713086148e-06   0.00e+00  1.32e-06    2.513911e-09
   3 5.0002421100e-08  -5.58e-01  1.32e-09    1.007141e-06

After 3 iterations the fit converged.
final sum of squares of residuals : 5.00024e-08
rel. change during last iteration : -5.57833e-06

degrees of freedom    (FIT_NDF)                        : 3
rms of residuals      (FIT_STDFIT) = sqrt(WSSR/ndf)    : 0.000129103
variance of residuals (reduced chisquare) = WSSR/ndf   : 1.66675e-08

Final set of parameters            Asymptotic Standard Error
=======================            ==========================
a               = 1.00714e-06      +/- 1.225e-07    (12.16%)


*******************************************************************************
Tue Apr  9 21:59:04 2024


FIT:    data read from UR using 1:2
        format = x:z
        #datapoints = 4
        residuals are weighted equally (unit weight)

function used for fitting: f(x)
	f(x) = a * x ** 0.5
fitted parameters initialized with current variable values

iter      chisq       delta/lim  lambda   a            
   0 3.2520185949e-05   0.00e+00  5.31e-04    1.007141e-06
   3 3.6669484636e-06  -1.96e-01  5.31e-07    6.103268e-06

After 3 iterations the fit converged.
final sum of squares of residuals : 3.66695e-06
rel. change during last iteration : -1.95732e-06

degrees of freedom    (FIT_NDF)                        : 3
rms of residuals      (FIT_STDFIT) = sqrt(WSSR/ndf)    : 0.00110558
variance of residuals (reduced chisquare) = WSSR/ndf   : 1.22232e-06

Final set of parameters            Asymptotic Standard Error
=======================            ==========================
a               = 6.10327e-06      +/- 1.049e-06    (17.19%)


*******************************************************************************
Tue Apr  9 21:59:04 2024


FIT:    data read from UR using 1:2
        format = x:z
        #datapoints = 4
        residuals are weighted equally (unit weight)

function used for fitting: f(x)
	f(x) = a * x ** 0.5
fitted parameters initialized with current variable values

iter      chisq       delta/lim  lambda   a            
   0 5.4600017727e-05   0.00e+00  3.22e-03    6.103268e-06
   3 1.0811294824e-05  -1.01e-01  3.22e-06    1.238131e-05

After 3 iterations the fit converged.
final sum of squares of residuals : 1.08113e-05
rel. change during last iteration : -1.00752e-06

degrees of freedom    (FIT_NDF)                        : 3
rms of residuals      (FIT_STDFIT) = sqrt(WSSR/ndf)    : 0.00189836
variance of residuals (reduced chisquare) = WSSR/ndf   : 3.60376e-06

Final set of parameters            Asymptotic Standard Error
=======================            ==========================
a               = 1.23813e-05      +/- 1.801e-06    (14.55%)


*******************************************************************************
Tue Apr  9 21:59:04 2024


FIT:    data read from UR using 1:2
        format = x:z
        #datapoints = 4
        residuals are weighted equally (unit weight)

function used for fitting: f(x)
	f(x) = a * x ** 0.5
fitted parameters initialized with current variable values

iter      chisq       delta/lim  lambda   a            
   0 4.4924985158e-04   0.00e+00  6.53e-03    1.238131e-05
   3 4.4544220950e-04  -2.13e-04  6.53e-06    1.423258e-05

After 3 iterations the fit converged.
final sum of squares of residuals : 0.000445442
rel. change during last iteration : -2.12636e-09

degrees of freedom    (FIT_NDF)                        : 3
rms of residuals      (FIT_STDFIT) = sqrt(WSSR/ndf)    : 0.0121853
variance of residuals (reduced chisquare) = WSSR/ndf   : 0.000148481

Final set of parameters            Asymptotic Standard Error
=======================            ==========================
a               = 1.42326e-05      +/- 1.156e-05    (81.23%)


*******************************************************************************
Tue Apr  9 22:08:31 2024


FIT:    data read from UR using 1:2
        format = x:z
        #datapoints = 4
        residuals are weighted equally (unit weight)

function used for fitting: f(x)
	f(x) = a * x ** 0.5
fitted parameters initialized with current variable values

iter      chisq       delta/lim  lambda   a            
   0 1.5470067979e-08   0.00e+00  6.28e-05    1.192093e-07
   4 1.7867749587e-12  -1.35e-07  6.28e-09    1.214182e-09

After 4 iterations the fit converged.
final sum of squares of residuals : 1.78677e-12
rel. change during last iteration : -1.34589e-12

degrees of freedom    (FIT_NDF)                        : 3
rms of residuals      (FIT_STDFIT) = sqrt(WSSR/ndf)    : 7.71746e-07
variance of residuals (reduced chisquare) = WSSR/ndf   : 5.95592e-13

Final set of parameters            Asymptotic Standard Error
=======================            ==========================
a               = 1.21418e-09      +/- 7.322e-10    (60.3%)


*******************************************************************************
Tue Apr  9 22:08:31 2024


FIT:    data read from UR using 1:2
        format = x:z
        #datapoints = 4
        residuals are weighted equally (unit weight)

function used for fitting: f(x)
	f(x) = a * (x * 2) ** 0.5
fitted parameters initialized with current variable values

iter      chisq       delta/lim  lambda   a            
   0 8.0517348649e-12   0.00e+00  9.05e-07    1.214182e-09
   3 7.3463754828e-12  -2.39e-03  9.05e-10    1.777603e-09

After 3 iterations the fit converged.
final sum of squares of residuals : 7.34638e-12
rel. change during last iteration : -2.38841e-08

degrees of freedom    (FIT_NDF)                        : 3
rms of residuals      (FIT_STDFIT) = sqrt(WSSR/ndf)    : 1.56486e-06
variance of residuals (reduced chisquare) = WSSR/ndf   : 2.44879e-12

Final set of parameters            Asymptotic Standard Error
=======================            ==========================
a               = 1.7776e-09       +/- 1.05e-09     (59.06%)


*******************************************************************************
Tue Apr  9 22:08:31 2024


FIT:    data read from UR using 1:2
        format = x:z
        #datapoints = 4
        residuals are weighted equally (unit weight)

function used for fitting: f(x)
	f(x) = a * (x * 1000) ** 0.5
fitted parameters initialized with current variable values

iter      chisq       delta/lim  lambda   a            
   0 1.0546412730e-06   0.00e+00  2.96e-05    1.777603e-09
   3 5.0002421100e-08  -5.00e-01  2.96e-08    3.184861e-08

After 3 iterations the fit converged.
final sum of squares of residuals : 5.00024e-08
rel. change during last iteration : -4.99793e-06

degrees of freedom    (FIT_NDF)                        : 3
rms of residuals      (FIT_STDFIT) = sqrt(WSSR/ndf)    : 0.000129103
variance of residuals (reduced chisquare) = WSSR/ndf   : 1.66675e-08

Final set of parameters            Asymptotic Standard Error
=======================            ==========================
a               = 3.18486e-08      +/- 3.873e-09    (12.16%)


*******************************************************************************
Tue Apr  9 22:08:31 2024


FIT:    data read from UR using 1:2
        format = x:z
        #datapoints = 4
        residuals are weighted equally (unit weight)

function used for fitting: f(x)
	f(x) = a * (x * 10000) ** 0.5
fitted parameters initialized with current variable values

iter      chisq       delta/lim  lambda   a            
   0 1.3129449775e-05   0.00e+00  1.68e-03    3.184861e-08
   3 3.6669484636e-06  -6.42e-02  1.68e-06    6.103268e-08

After 3 iterations the fit converged.
final sum of squares of residuals : 3.66695e-06
rel. change during last iteration : -6.41907e-07

degrees of freedom    (FIT_NDF)                        : 3
rms of residuals      (FIT_STDFIT) = sqrt(WSSR/ndf)    : 0.00110558
variance of residuals (reduced chisquare) = WSSR/ndf   : 1.22232e-06

Final set of parameters            Asymptotic Standard Error
=======================            ==========================
a               = 6.10327e-08      +/- 1.049e-08    (17.19%)


*******************************************************************************
Tue Apr  9 22:08:31 2024


FIT:    data read from UR using 1:2
        format = x:z
        #datapoints = 4
        residuals are weighted equally (unit weight)

function used for fitting: f(x)
	f(x) = a * (x * 100000) ** 0.5
fitted parameters initialized with current variable values

iter      chisq       delta/lim  lambda   a            
   0 6.3996489089e-05   0.00e+00  1.02e-02    6.103268e-08
   3 1.0811294824e-05  -1.22e-01  1.02e-05    3.915314e-08

After 3 iterations the fit converged.
final sum of squares of residuals : 1.08113e-05
rel. change during last iteration : -1.22373e-06

degrees of freedom    (FIT_NDF)                        : 3
rms of residuals      (FIT_STDFIT) = sqrt(WSSR/ndf)    : 0.00189836
variance of residuals (reduced chisquare) = WSSR/ndf   : 3.60376e-06

Final set of parameters            Asymptotic Standard Error
=======================            ==========================
a               = 3.91531e-08      +/- 5.695e-09    (14.55%)


*******************************************************************************
Tue Apr  9 22:08:31 2024


FIT:    data read from UR using 1:2
        format = x:z
        #datapoints = 4
        residuals are weighted equally (unit weight)

function used for fitting: f(x)
	f(x) = a * (x * 1000000) ** 0.5
fitted parameters initialized with current variable values

iter      chisq       delta/lim  lambda   a            
   0 1.1354109154e-03   0.00e+00  2.06e-02    3.915314e-08
   3 4.4544220950e-04  -3.85e-02  2.06e-05    1.423258e-08

After 3 iterations the fit converged.
final sum of squares of residuals : 0.000445442
rel. change during last iteration : -3.85309e-07

degrees of freedom    (FIT_NDF)                        : 3
rms of residuals      (FIT_STDFIT) = sqrt(WSSR/ndf)    : 0.0121853
variance of residuals (reduced chisquare) = WSSR/ndf   : 0.000148481

Final set of parameters            Asymptotic Standard Error
=======================            ==========================
a               = 1.42326e-08      +/- 1.156e-08    (81.23%)
